<?xml version="1.0" encoding="UTF-8"?>
<!-- Generated by org.testng.reporters.JUnitReportReporter -->
<testsuite hostname="DESKTOP-83C1RSU" failures="0" tests="1" name="medicare_Pages_Test.LoginPageTest" time="0.000" errors="0" timestamp="23 Dec 2023 07:51:17 GMT" skipped="1">
  <testcase classname="medicare_Pages_Test.LoginPageTest" name="test_login" time="0.000">
    <skipped/>
  </testcase> <!-- test_login -->
</testsuite> <!-- medicare_Pages_Test.LoginPageTest -->
